1521188310550	geckodriver	INFO	geckodriver 0.19.1
1521188310559	geckodriver	INFO	Listening on 127.0.0.1:60721
1521188311795	mozrunner::runner	INFO	Running command: "/Applications/Firefox.app/Contents/MacOS/firefox-bin" "-marionette" "-profile" "/var/folders/xf/3499xnyj3l77_cchl38_vvdh0000gn/T/rust_mozprofile.rUvMh5dnieZU"
1521188312324	Marionette	INFO	Enabled via --marionette
2018-03-16 17:18:33.344 plugin-container[81704:14452136] *** CFMessagePort: bootstrap_register(): failed 1100 (0x44c) 'Permission denied', port = 0x14e3b, name = 'com.apple.tsm.portname'
See /usr/include/servers/bootstrap_defs.h for the error codes.
2018-03-16 17:18:33.516 plugin-container[81704:14452136] *** CFMessagePort: bootstrap_register(): failed 1100 (0x44c) 'Permission denied', port = 0x14e17, name = 'com.apple.coredrag'
See /usr/include/servers/bootstrap_defs.h for the error codes.
1521188313756	Marionette	INFO	Listening on port 60733
1521188313816	Marionette	WARN	TLS certificate errors will be ignored for this session
2018-03-16 17:18:34.301 plugin-container[81706:14452235] *** CFMessagePort: bootstrap_register(): failed 1100 (0x44c) 'Permission denied', port = 0x1523f, name = 'com.apple.tsm.portname'
See /usr/include/servers/bootstrap_defs.h for the error codes.
2018-03-16 17:18:34.494 plugin-container[81706:14452235] *** CFMessagePort: bootstrap_register(): failed 1100 (0x44c) 'Permission denied', port = 0x1525f, name = 'com.apple.coredrag'
See /usr/include/servers/bootstrap_defs.h for the error codes.
[GFX1-]: Receive IPC close with reason=AbnormalShutdown
1521188388001	geckodriver	INFO	geckodriver 0.19.1
1521188388006	geckodriver	INFO	Listening on 127.0.0.1:60915
1521188389204	mozrunner::runner	INFO	Running command: "/Applications/Firefox.app/Contents/MacOS/firefox-bin" "-marionette" "-profile" "/var/folders/xf/3499xnyj3l77_cchl38_vvdh0000gn/T/rust_mozprofile.F9QoNaDDtv73"
1521188389720	Marionette	INFO	Enabled via --marionette
2018-03-16 17:19:50.684 plugin-container[81858:14455838] *** CFMessagePort: bootstrap_register(): failed 1100 (0x44c) 'Permission denied', port = 0xb037, name = 'com.apple.tsm.portname'
See /usr/include/servers/bootstrap_defs.h for the error codes.
2018-03-16 17:19:50.858 plugin-container[81858:14455838] *** CFMessagePort: bootstrap_register(): failed 1100 (0x44c) 'Permission denied', port = 0xb057, name = 'com.apple.coredrag'
See /usr/include/servers/bootstrap_defs.h for the error codes.
1521188391080	Marionette	INFO	Listening on port 60922
1521188391104	Marionette	WARN	TLS certificate errors will be ignored for this session
2018-03-16 17:19:51.749 plugin-container[81861:14455941] *** CFMessagePort: bootstrap_register(): failed 1100 (0x44c) 'Permission denied', port = 0x1543f, name = 'com.apple.tsm.portname'
See /usr/include/servers/bootstrap_defs.h for the error codes.
2018-03-16 17:19:51.960 plugin-container[81861:14455941] *** CFMessagePort: bootstrap_register(): failed 1100 (0x44c) 'Permission denied', port = 0x15423, name = 'com.apple.coredrag'
See /usr/include/servers/bootstrap_defs.h for the error codes.
[GFX1-]: Receive IPC close with reason=AbnormalShutdown
1521188426253	geckodriver	INFO	geckodriver 0.19.1
1521188426259	geckodriver	INFO	Listening on 127.0.0.1:60991
1521188427380	mozrunner::runner	INFO	Running command: "/Applications/Firefox.app/Contents/MacOS/firefox-bin" "-marionette" "-profile" "/var/folders/xf/3499xnyj3l77_cchl38_vvdh0000gn/T/rust_mozprofile.SFtFK3Nh4CKv"
1521188427908	Marionette	INFO	Enabled via --marionette
2018-03-16 17:20:28.905 plugin-container[81949:14458157] *** CFMessagePort: bootstrap_register(): failed 1100 (0x44c) 'Permission denied', port = 0xaf3f, name = 'com.apple.tsm.portname'
See /usr/include/servers/bootstrap_defs.h for the error codes.
2018-03-16 17:20:29.078 plugin-container[81949:14458157] *** CFMessagePort: bootstrap_register(): failed 1100 (0x44c) 'Permission denied', port = 0xaf5f, name = 'com.apple.coredrag'
See /usr/include/servers/bootstrap_defs.h for the error codes.
1521188429322	Marionette	INFO	Listening on port 60998
1521188429360	Marionette	WARN	TLS certificate errors will be ignored for this session
2018-03-16 17:20:29.883 plugin-container[81952:14458261] *** CFMessagePort: bootstrap_register(): failed 1100 (0x44c) 'Permission denied', port = 0x1533f, name = 'com.apple.tsm.portname'
See /usr/include/servers/bootstrap_defs.h for the error codes.
2018-03-16 17:20:30.105 plugin-container[81952:14458261] *** CFMessagePort: bootstrap_register(): failed 1100 (0x44c) 'Permission denied', port = 0x153d7, name = 'com.apple.coredrag'
See /usr/include/servers/bootstrap_defs.h for the error codes.
[GFX1-]: Receive IPC close with reason=AbnormalShutdown
[GFX1-]: Receive IPC close with reason=AbnormalShutdown
